60.000 60.000
80.000 60.000
80.000 70.000
60.000 70.000
20.000 20.000
30.000 20.000
40.000 20.000
50.000 20.000
60.000 20.000
70.000 20.000
80.000 20.000
90.000 20.000
100.000 20.000
110.000 20.000
120.000 20.000
120.000 30.000
110.000 30.000
100.000 30.000
90.000 30.000
80.000 30.000
70.000 30.000
60.000 30.000
50.000 30.000
40.000 30.000
30.000 30.000
20.000 30.000
20.000 40.000
30.000 40.000
40.000 40.000
50.000 40.000
60.000 40.000
70.000 40.000
80.000 40.000
90.000 40.000
100.000 40.000
20.000 20.000
30.000 20.000
20.000 20.000
30.000 20.000
20.000 20.000
30.000 20.000
40.000 20.000
50.000 20.000
60.000 20.000
70.000 20.000
80.000 20.000
90.000 20.000
100.000 20.000
110.000 20.000
120.000 20.000
120.000 30.000
110.000 30.000
100.000 30.000
90.000 30.000
80.000 30.000
70.000 30.000
60.000 30.000
50.000 30.000
40.000 30.000
30.000 30.000
20.000 30.000
20.000 40.000
30.000 40.000
40.000 40.000
50.000 40.000
60.000 40.000
70.000 40.000
80.000 40.000
90.000 40.000
100.000 40.000
110.000 40.000
120.000 40.000
120.000 50.000
110.000 50.000
100.000 50.000
90.000 50.000
80.000 50.000
70.000 50.000
60.000 50.000
50.000 50.000
40.000 50.000
75.000 75.000
74.000 74.000
75.000 75.000
40.000 50.000
30.000 50.000
20.000 50.000
40.000 50.000
30.000 50.000
20.000 50.000
20.000 60.000
30.000 60.000
40.000 60.000
50.000 60.000
60.000 60.000
70.000 60.000
80.000 60.000
90.000 60.000
100.000 60.000
110.000 60.000
120.000 60.000
120.000 70.000
110.000 70.000
100.000 70.000
90.000 70.000
80.000 70.000
70.000 70.000
60.000 70.000
50.000 70.000
40.000 70.000
30.000 70.000
20.000 70.000
20.000 80.000
30.000 80.000
40.000 80.000
50.000 80.000
60.000 80.000
70.000 80.000
80.000 80.000
90.000 80.000
100.000 80.000
110.000 80.000
120.000 80.000
120.000 90.000
110.000 90.000
100.000 90.000
110.000 90.000
20.000 20.000
110.000 90.000
200.000 158.680
100.000 90.000
90.000 90.000
89.000 90.000
88.975 90.000
88.950 90.000
110.000 90.000
88.925 69.620
110.000 90.000
100.000 90.000
90.000 90.000
80.000 90.000
70.000 90.000
60.000 90.000
50.000 90.000
40.000 90.000
30.000 90.000
20.000 90.000
20.000 100.000
30.000 100.000
40.000 100.000
50.000 100.000
60.000 100.000
70.000 100.000
80.000 100.000
90.000 100.000
100.000 100.000
110.000 100.000
120.000 100.000
120.000 110.000
110.000 110.000
100.000 110.000
90.000 110.000
80.000 110.000
70.000 110.000
60.000 110.000
50.000 110.000
40.000 110.000
30.000 110.000
20.000 110.000
20.000 120.000
30.000 120.000
40.000 120.000
50.000 120.000
60.000 120.000
70.000 120.000
80.000 120.000
90.000 120.000
100.000 120.000
110.000 120.000
120.000 120.000
20.000 20.000
25.000 20.000
30.000 20.000
35.000 20.000
40.000 20.000
45.000 20.000
50.000 20.000
55.000 20.000
60.000 20.000
65.000 20.000
70.000 20.000
75.000 20.000
80.000 20.000
85.000 20.000
90.000 20.000
95.000 20.000
100.000 20.000
105.000 20.000
110.000 20.000
115.000 20.000
120.000 20.000
120.000 25.000
115.000 25.000
110.000 25.000
105.000 25.000
100.000 25.000
95.000 25.000
90.000 25.000
85.000 25.000
80.000 25.000
75.000 25.000
70.000 25.000
65.000 25.000
60.000 25.000
55.000 25.000
50.000 25.000
45.000 25.000
40.000 25.000
35.000 25.000
30.000 25.000
25.000 25.000
20.000 25.000
20.000 30.000
25.000 30.000
30.000 30.000
35.000 30.000
40.000 30.000
45.000 30.000
50.000 30.000
55.000 30.000
60.000 30.000
65.000 30.000
70.000 30.000
75.000 30.000
80.000 30.000
85.000 30.000
90.000 30.000
95.000 30.000
100.000 30.000
105.000 30.000
110.000 30.000
115.000 30.000
120.000 30.000
120.000 35.000
115.000 35.000
110.000 35.000
105.000 35.000
100.000 35.000
95.000 35.000
90.000 35.000
85.000 35.000
80.000 35.000
75.000 35.000
70.000 35.000
65.000 35.000
60.000 35.000
55.000 35.000
50.000 35.000
45.000 35.000
40.000 35.000
35.000 35.000
30.000 35.000
25.000 35.000
20.000 35.000
20.000 40.000
25.000 40.000
30.000 40.000
35.000 40.000
40.000 40.000
45.000 40.000
50.000 40.000
55.000 40.000
60.000 40.000
65.000 40.000
70.000 40.000
75.000 40.000
80.000 40.000
85.000 40.000
90.000 40.000
95.000 40.000
100.000 40.000
105.000 40.000
110.000 40.000
115.000 40.000
120.000 40.000
120.000 45.000
115.000 45.000
110.000 45.000
105.000 45.000
100.000 45.000
95.000 45.000
90.000 45.000
85.000 45.000
80.000 45.000
75.000 45.000
70.000 45.000
65.000 45.000
60.000 45.000
55.000 45.000
50.000 45.000
45.000 45.000
40.000 45.000
35.000 45.000
30.000 45.000
25.000 45.000
20.000 45.000
20.000 50.000
25.000 50.000
30.000 50.000
35.000 50.000
40.000 50.000
45.000 50.000
50.000 50.000
55.000 50.000
60.000 50.000
65.000 50.000
70.000 50.000
75.000 50.000
80.000 50.000
85.000 50.000
90.000 50.000
95.000 50.000
100.000 50.000
105.000 50.000
110.000 50.000
115.000 50.000
120.000 50.000
120.000 55.000
115.000 55.000
110.000 55.000
105.000 55.000
100.000 55.000
95.000 55.000
90.000 55.000
85.000 55.000
80.000 55.000
75.000 55.000
70.000 55.000
65.000 55.000
60.000 55.000
55.000 55.000
50.000 55.000
45.000 55.000
40.000 55.000
35.000 55.000
30.000 55.000
25.000 55.000
20.000 55.000
20.000 60.000
25.000 60.000
30.000 60.000
35.000 60.000
40.000 60.000
45.000 60.000
50.000 60.000
55.000 60.000
60.000 60.000
65.000 60.000
70.000 60.000
75.000 60.000
80.000 60.000
85.000 60.000
90.000 60.000
95.000 60.000
100.000 60.000
105.000 60.000
110.000 60.000
115.000 60.000
120.000 60.000
120.000 65.000
115.000 65.000
110.000 65.000
105.000 65.000
100.000 65.000
95.000 65.000
90.000 65.000
85.000 65.000
80.000 65.000
75.000 65.000
70.000 65.000
65.000 65.000
60.000 65.000
55.000 65.000
50.000 65.000
45.000 65.000
40.000 65.000
35.000 65.000
30.000 65.000
25.000 65.000
20.000 65.000
20.000 70.000
25.000 70.000
30.000 70.000
35.000 70.000
40.000 70.000
45.000 70.000
50.000 70.000
55.000 70.000
60.000 70.000
65.000 70.000
70.000 70.000
75.000 70.000
80.000 70.000
85.000 70.000
90.000 70.000
95.000 70.000
100.000 70.000
105.000 70.000
110.000 70.000
115.000 70.000
120.000 70.000
120.000 75.000
115.000 75.000
110.000 75.000
105.000 75.000
100.000 75.000
95.000 75.000
90.000 75.000
85.000 75.000
80.000 75.000
75.000 75.000
70.000 75.000
65.000 75.000
60.000 75.000
55.000 75.000
50.000 75.000
45.000 75.000
40.000 75.000
35.000 75.000
30.000 75.000
25.000 75.000
20.000 75.000
20.000 80.000
25.000 80.000
30.000 80.000
35.000 80.000
40.000 80.000
45.000 80.000
50.000 80.000
55.000 80.000
60.000 80.000
65.000 80.000
70.000 80.000
75.000 80.000
80.000 80.000
85.000 80.000
90.000 80.000
95.000 80.000
100.000 80.000
105.000 80.000
110.000 80.000
115.000 80.000
120.000 80.000
120.000 85.000
115.000 85.000
110.000 85.000
105.000 85.000
100.000 85.000
95.000 85.000
90.000 85.000
85.000 85.000
80.000 85.000
75.000 85.000
70.000 85.000
65.000 85.000
60.000 85.000
55.000 85.000
50.000 85.000
45.000 85.000
40.000 85.000
35.000 85.000
30.000 85.000
25.000 85.000
20.000 85.000
20.000 90.000
25.000 90.000
30.000 90.000
35.000 90.000
40.000 90.000
45.000 90.000
50.000 90.000
55.000 90.000
60.000 90.000
65.000 90.000
70.000 90.000
75.000 90.000
80.000 90.000
85.000 90.000
90.000 90.000
95.000 90.000
100.000 90.000
105.000 90.000
110.000 90.000
115.000 90.000
120.000 90.000
120.000 95.000
115.000 95.000
110.000 95.000
105.000 95.000
100.000 95.000
95.000 95.000
90.000 95.000
85.000 95.000
80.000 95.000
75.000 95.000
70.000 95.000
65.000 95.000
60.000 95.000
55.000 95.000
50.000 95.000
45.000 95.000
40.000 95.000
35.000 95.000
30.000 95.000
25.000 95.000
20.000 95.000
20.000 100.000
25.000 100.000
30.000 100.000
35.000 100.000
40.000 100.000
45.000 100.000
50.000 100.000
55.000 100.000
60.000 100.000
65.000 100.000
70.000 100.000
75.000 100.000
80.000 100.000
85.000 100.000
90.000 100.000
95.000 100.000
100.000 100.000
105.000 100.000
110.000 100.000
115.000 100.000
120.000 100.000
120.000 105.000
115.000 105.000
110.000 105.000
105.000 105.000
100.000 105.000
95.000 105.000
90.000 105.000
85.000 105.000
80.000 105.000
75.000 105.000
70.000 105.000
65.000 105.000
60.000 105.000
55.000 105.000
50.000 105.000
45.000 105.000
40.000 105.000
35.000 105.000
30.000 105.000
25.000 105.000
20.000 105.000
20.000 110.000
25.000 110.000
30.000 110.000
35.000 110.000
40.000 110.000
45.000 110.000
50.000 110.000
55.000 110.000
60.000 110.000
65.000 110.000
70.000 110.000
75.000 110.000
80.000 110.000
85.000 110.000
90.000 110.000
95.000 110.000
100.000 110.000
105.000 110.000
110.000 110.000
115.000 110.000
120.000 110.000
120.000 115.000
115.000 115.000
110.000 115.000
105.000 115.000
100.000 115.000
95.000 115.000
90.000 115.000
85.000 115.000
80.000 115.000
75.000 115.000
70.000 115.000
65.000 115.000
60.000 115.000
55.000 115.000
50.000 115.000
45.000 115.000
40.000 115.000
35.000 115.000
30.000 115.000
25.000 115.000
20.000 115.000
20.000 120.000
25.000 120.000
30.000 120.000
35.000 120.000
40.000 120.000
45.000 120.000
50.000 120.000
55.000 120.000
60.000 120.000
65.000 120.000
70.000 120.000
75.000 120.000
80.000 120.000
85.000 120.000
90.000 120.000
95.000 120.000
100.000 120.000
105.000 120.000
110.000 120.000
115.000 120.000
120.000 120.000
70.000 70.000
-1.000 17.260
70.000 70.000
35.000 35.000
55.000 55.000
60.000 60.000
20.000 20.000
25.000 20.000
30.000 20.000
35.000 20.000
40.000 20.000
45.000 20.000
50.000 20.000
55.000 20.000
60.000 20.000
65.000 20.000
65.000 65.000
70.000 65.000
40.000 40.000
45.000 40.000
40.000 40.000
45.000 40.000
50.000 40.000
55.000 40.000
60.000 40.000
65.000 40.000
70.000 40.000
75.000 40.000
80.000 40.000
85.000 40.000
90.000 40.000
95.000 40.000
100.000 40.000
105.000 40.000
110.000 40.000
110.000 45.000
105.000 45.000
100.000 45.000
95.000 45.000
90.000 45.000
85.000 45.000
80.000 45.000
75.000 45.000
70.000 45.000
65.000 45.000
60.000 45.000
55.000 45.000
50.000 45.000
45.000 45.000
40.000 45.000
40.000 50.000
45.000 50.000
50.000 50.000
55.000 50.000
60.000 50.000
65.000 50.000
70.000 50.000
75.000 50.000
80.000 50.000
85.000 50.000
90.000 50.000
95.000 50.000
100.000 50.000
105.000 50.000
110.000 50.000
110.000 55.000
105.000 55.000
100.000 55.000
95.000 55.000
90.000 55.000
85.000 55.000
80.000 55.000
75.000 55.000
70.000 55.000
65.000 55.000
60.000 55.000
55.000 55.000
50.000 55.000
45.000 55.000
40.000 55.000
40.000 60.000
45.000 60.000
50.000 60.000
55.000 60.000
60.000 60.000
65.000 60.000
70.000 60.000
75.000 60.000
80.000 60.000
85.000 60.000
90.000 60.000
95.000 60.000
100.000 60.000
105.000 60.000
110.000 60.000
110.000 65.000
105.000 65.000
100.000 65.000
95.000 65.000
90.000 65.000
85.000 65.000
80.000 65.000
75.000 65.000
70.000 65.000
65.000 65.000
60.000 65.000
55.000 65.000
50.000 65.000
45.000 65.000
40.000 65.000
40.000 70.000
45.000 70.000
50.000 70.000
55.000 70.000
60.000 70.000
65.000 70.000
70.000 70.000
75.000 70.000
80.000 70.000
85.000 70.000
90.000 70.000
95.000 70.000
100.000 70.000
105.000 70.000
110.000 70.000
110.000 75.000
105.000 75.000
100.000 75.000
95.000 75.000
90.000 75.000
85.000 75.000
80.000 75.000
75.000 75.000
70.000 75.000
65.000 75.000
60.000 75.000
55.000 75.000
50.000 75.000
45.000 75.000
40.000 75.000
40.000 80.000
45.000 80.000
50.000 80.000
55.000 80.000
60.000 80.000
65.000 80.000
70.000 80.000
75.000 80.000
80.000 80.000
85.000 80.000
90.000 80.000
95.000 80.000
100.000 80.000
105.000 80.000
110.000 80.000
110.000 85.000
105.000 85.000
100.000 85.000
95.000 85.000
90.000 85.000
85.000 85.000
80.000 85.000
75.000 85.000
70.000 85.000
65.000 85.000
60.000 85.000
55.000 85.000
50.000 85.000
45.000 85.000
40.000 85.000
40.000 90.000
45.000 90.000
50.000 90.000
55.000 90.000
60.000 90.000
65.000 90.000
70.000 90.000
75.000 90.000
80.000 90.000
85.000 90.000
90.000 90.000
95.000 90.000
100.000 90.000
105.000 90.000
110.000 90.000
110.000 95.000
105.000 95.000
100.000 95.000
95.000 95.000
90.000 95.000
85.000 95.000
80.000 95.000
75.000 95.000
70.000 95.000
65.000 95.000
60.000 95.000
55.000 95.000
50.000 95.000
45.000 95.000
40.000 95.000
40.000 100.000
45.000 100.000
50.000 100.000
55.000 100.000
60.000 100.000
65.000 100.000
70.000 100.000
75.000 100.000
80.000 100.000
85.000 100.000
90.000 100.000
95.000 100.000
100.000 100.000
105.000 100.000
110.000 100.000
110.000 105.000
105.000 105.000
100.000 105.000
95.000 105.000
90.000 105.000
85.000 105.000
80.000 105.000
75.000 105.000
70.000 105.000
65.000 105.000
60.000 105.000
55.000 105.000
50.000 105.000
45.000 105.000
40.000 105.000
40.000 110.000
45.000 110.000
50.000 110.000
55.000 110.000
60.000 110.000
65.000 110.000
70.000 110.000
75.000 110.000
80.000 110.000
85.000 110.000
90.000 110.000
95.000 110.000
100.000 110.000
105.000 110.000
110.000 110.000
60.000 60.000
-1.000 -0.610
70.000 70.000
-1.000 -1.000
